<?xml version="1.0" encoding="UTF-8"?>
<!-- Generated by org.testng.reporters.JUnitReportReporter -->
<testsuite skipped="0" hostname="DESKTOP-37RP81B" name="PAckageJenkins.Selenium" tests="1" failures="0" timestamp="28 Jan 2022 08:47:37 GMT" time="14.239" errors="0">
  <testcase name="seleniumDriver" time="14.239" classname="PAckageJenkins.Selenium"/>
</testsuite> <!-- PAckageJenkins.Selenium -->
